<?xml version="1.0" encoding="UTF-8"?>
<testsuite name="javazoom.jl.player.jlpTest" tests="1" skipped="1" failures="0" errors="0" timestamp="2022-05-09T01:10:58" hostname="YSTLAPTOP" time="0.0">
  <properties/>
  <testcase name="testPlay()" classname="javazoom.jl.player.jlpTest" time="0.0">
    <skipped/>
  </testcase>
  <system-out><![CDATA[]]></system-out>
  <system-err><![CDATA[]]></system-err>
</testsuite>
